<?xml version="1.0" encoding="UTF-8"?>
<testsuite xmlns:xsi="http://www.w3.org/2001/XMLSchema-instance" xsi:noNamespaceSchemaLocation="https://maven.apache.org/surefire/maven-surefire-plugin/xsd/surefire-test-report-3.0.xsd" version="3.0" name="TestSuite" time="32.347" tests="4" errors="0" skipped="1" failures="3">
  <properties>
    <property name="gopherProxySet" value="false"/>
    <property name="awt.toolkit" value="sun.lwawt.macosx.LWCToolkit"/>
    <property name="file.encoding.pkg" value="sun.io"/>
    <property name="java.specification.version" value="1.8"/>
    <property name="sun.cpu.isalist" value=""/>
    <property name="sun.jnu.encoding" value="UTF-8"/>
    <property name="java.class.path" value="/Users/sibusiso87rn/IdeaProjects/mobile-automation-framework/target/test-classes:/Users/sibusiso87rn/IdeaProjects/mobile-automation-framework/target/classes:/Users/sibusiso87rn/.m2/repository/io/appium/java-client/7.2.0/java-client-7.2.0.jar:/Users/sibusiso87rn/.m2/repository/org/seleniumhq/selenium/selenium-java/3.141.59/selenium-java-3.141.59.jar:/Users/sibusiso87rn/.m2/repository/org/seleniumhq/selenium/selenium-chrome-driver/3.141.59/selenium-chrome-driver-3.141.59.jar:/Users/sibusiso87rn/.m2/repository/org/seleniumhq/selenium/selenium-edge-driver/3.141.59/selenium-edge-driver-3.141.59.jar:/Users/sibusiso87rn/.m2/repository/org/seleniumhq/selenium/selenium-firefox-driver/3.141.59/selenium-firefox-driver-3.141.59.jar:/Users/sibusiso87rn/.m2/repository/org/seleniumhq/selenium/selenium-ie-driver/3.141.59/selenium-ie-driver-3.141.59.jar:/Users/sibusiso87rn/.m2/repository/org/seleniumhq/selenium/selenium-opera-driver/3.141.59/selenium-opera-driver-3.141.59.jar:/Users/sibusiso87rn/.m2/repository/org/seleniumhq/selenium/selenium-remote-driver/3.141.59/selenium-remote-driver-3.141.59.jar:/Users/sibusiso87rn/.m2/repository/org/seleniumhq/selenium/selenium-safari-driver/3.141.59/selenium-safari-driver-3.141.59.jar:/Users/sibusiso87rn/.m2/repository/net/bytebuddy/byte-buddy/1.8.15/byte-buddy-1.8.15.jar:/Users/sibusiso87rn/.m2/repository/org/apache/commons/commons-exec/1.3/commons-exec-1.3.jar:/Users/sibusiso87rn/.m2/repository/com/google/guava/guava/25.0-jre/guava-25.0-jre.jar:/Users/sibusiso87rn/.m2/repository/com/google/code/findbugs/jsr305/1.3.9/jsr305-1.3.9.jar:/Users/sibusiso87rn/.m2/repository/org/checkerframework/checker-compat-qual/2.0.0/checker-compat-qual-2.0.0.jar:/Users/sibusiso87rn/.m2/repository/com/google/errorprone/error_prone_annotations/2.1.3/error_prone_annotations-2.1.3.jar:/Users/sibusiso87rn/.m2/repository/com/google/j2objc/j2objc-annotations/1.1/j2objc-annotations-1.1.jar:/Users/sibusiso87rn/.m2/repository/org/codehaus/mojo/animal-sniffer-annotations/1.14/animal-sniffer-annotations-1.14.jar:/Users/sibusiso87rn/.m2/repository/com/squareup/okhttp3/okhttp/3.11.0/okhttp-3.11.0.jar:/Users/sibusiso87rn/.m2/repository/com/squareup/okio/okio/1.14.0/okio-1.14.0.jar:/Users/sibusiso87rn/.m2/repository/org/seleniumhq/selenium/selenium-support/3.141.59/selenium-support-3.141.59.jar:/Users/sibusiso87rn/.m2/repository/org/seleniumhq/selenium/selenium-api/3.141.59/selenium-api-3.141.59.jar:/Users/sibusiso87rn/.m2/repository/com/google/code/gson/gson/2.8.5/gson-2.8.5.jar:/Users/sibusiso87rn/.m2/repository/org/apache/httpcomponents/httpclient/4.5.9/httpclient-4.5.9.jar:/Users/sibusiso87rn/.m2/repository/org/apache/httpcomponents/httpcore/4.4.11/httpcore-4.4.11.jar:/Users/sibusiso87rn/.m2/repository/commons-logging/commons-logging/1.2/commons-logging-1.2.jar:/Users/sibusiso87rn/.m2/repository/commons-codec/commons-codec/1.11/commons-codec-1.11.jar:/Users/sibusiso87rn/.m2/repository/cglib/cglib/3.2.12/cglib-3.2.12.jar:/Users/sibusiso87rn/.m2/repository/org/ow2/asm/asm/7.1/asm-7.1.jar:/Users/sibusiso87rn/.m2/repository/commons-validator/commons-validator/1.6/commons-validator-1.6.jar:/Users/sibusiso87rn/.m2/repository/commons-beanutils/commons-beanutils/1.9.2/commons-beanutils-1.9.2.jar:/Users/sibusiso87rn/.m2/repository/commons-digester/commons-digester/1.8.1/commons-digester-1.8.1.jar:/Users/sibusiso87rn/.m2/repository/commons-collections/commons-collections/3.2.2/commons-collections-3.2.2.jar:/Users/sibusiso87rn/.m2/repository/org/apache/commons/commons-lang3/3.9/commons-lang3-3.9.jar:/Users/sibusiso87rn/.m2/repository/commons-io/commons-io/2.6/commons-io-2.6.jar:/Users/sibusiso87rn/.m2/repository/org/aspectj/aspectjweaver/1.9.4/aspectjweaver-1.9.4.jar:/Users/sibusiso87rn/.m2/repository/org/slf4j/slf4j-api/1.7.26/slf4j-api-1.7.26.jar:/Users/sibusiso87rn/.m2/repository/io/cucumber/cucumber-core/6.8.1/cucumber-core-6.8.1.jar:/Users/sibusiso87rn/.m2/repository/io/cucumber/cucumber-gherkin/6.8.1/cucumber-gherkin-6.8.1.jar:/Users/sibusiso87rn/.m2/repository/io/cucumber/cucumber-gherkin-messages/6.8.1/cucumber-gherkin-messages-6.8.1.jar:/Users/sibusiso87rn/.m2/repository/io/cucumber/messages/13.1.0/messages-13.1.0.jar:/Users/sibusiso87rn/.m2/repository/io/cucumber/tag-expressions/3.0.0/tag-expressions-3.0.0.jar:/Users/sibusiso87rn/.m2/repository/io/cucumber/cucumber-expressions/10.3.0/cucumber-expressions-10.3.0.jar:/Users/sibusiso87rn/.m2/repository/io/cucumber/datatable/3.5.0/datatable-3.5.0.jar:/Users/sibusiso87rn/.m2/repository/io/cucumber/cucumber-plugin/6.8.1/cucumber-plugin-6.8.1.jar:/Users/sibusiso87rn/.m2/repository/io/cucumber/docstring/6.8.1/docstring-6.8.1.jar:/Users/sibusiso87rn/.m2/repository/io/cucumber/html-formatter/9.0.0/html-formatter-9.0.0.jar:/Users/sibusiso87rn/.m2/repository/io/cucumber/create-meta/2.0.2/create-meta-2.0.2.jar:/Users/sibusiso87rn/.m2/repository/org/apiguardian/apiguardian-api/1.1.0/apiguardian-api-1.1.0.jar:/Users/sibusiso87rn/.m2/repository/io/cucumber/cucumber-java/6.8.1/cucumber-java-6.8.1.jar:/Users/sibusiso87rn/.m2/repository/io/cucumber/cucumber-testng/6.8.1/cucumber-testng-6.8.1.jar:/Users/sibusiso87rn/.m2/repository/org/testng/testng/7.3.0/testng-7.3.0.jar:/Users/sibusiso87rn/.m2/repository/com/beust/jcommander/1.78/jcommander-1.78.jar:/Users/sibusiso87rn/.m2/repository/org/apache/ant/ant/1.10.3/ant-1.10.3.jar:/Users/sibusiso87rn/.m2/repository/org/apache/ant/ant-launcher/1.10.3/ant-launcher-1.10.3.jar:/Users/sibusiso87rn/.m2/repository/junit/junit/4.12/junit-4.12.jar:/Users/sibusiso87rn/.m2/repository/com/google/inject/guice/4.2.2/guice-4.2.2-no_aop.jar:/Users/sibusiso87rn/.m2/repository/aopalliance/aopalliance/1.0/aopalliance-1.0.jar:/Users/sibusiso87rn/.m2/repository/org/yaml/snakeyaml/1.21/snakeyaml-1.21.jar:/Users/sibusiso87rn/.m2/repository/org/hamcrest/java-hamcrest/2.0.0.0/java-hamcrest-2.0.0.0.jar:/Users/sibusiso87rn/.m2/repository/org/hamcrest/hamcrest-core/2.1/hamcrest-core-2.1.jar:/Users/sibusiso87rn/.m2/repository/org/hamcrest/hamcrest/2.1/hamcrest-2.1.jar:/Users/sibusiso87rn/.m2/repository/org/aeonbits/owner/owner/1.0.10/owner-1.0.10.jar:/Users/sibusiso87rn/.m2/repository/org/springframework/spring-core/5.2.9.RELEASE/spring-core-5.2.9.RELEASE.jar:/Users/sibusiso87rn/.m2/repository/org/springframework/spring-jcl/5.2.9.RELEASE/spring-jcl-5.2.9.RELEASE.jar:/Users/sibusiso87rn/.m2/repository/org/springframework/spring-context/5.2.9.RELEASE/spring-context-5.2.9.RELEASE.jar:/Users/sibusiso87rn/.m2/repository/org/springframework/spring-aop/5.2.9.RELEASE/spring-aop-5.2.9.RELEASE.jar:/Users/sibusiso87rn/.m2/repository/org/springframework/spring-beans/5.2.9.RELEASE/spring-beans-5.2.9.RELEASE.jar:/Users/sibusiso87rn/.m2/repository/org/springframework/spring-expression/5.2.9.RELEASE/spring-expression-5.2.9.RELEASE.jar:/Users/sibusiso87rn/.m2/repository/org/springframework/spring-test/5.2.9.RELEASE/spring-test-5.2.9.RELEASE.jar:/Users/sibusiso87rn/.m2/repository/org/springframework/spring-tx/5.2.9.RELEASE/spring-tx-5.2.9.RELEASE.jar:/Users/sibusiso87rn/.m2/repository/org/springframework/boot/spring-boot-autoconfigure/2.3.4.RELEASE/spring-boot-autoconfigure-2.3.4.RELEASE.jar:/Users/sibusiso87rn/.m2/repository/org/springframework/boot/spring-boot/2.3.4.RELEASE/spring-boot-2.3.4.RELEASE.jar:/Users/sibusiso87rn/.m2/repository/org/springframework/boot/spring-boot-starter-web/2.3.4.RELEASE/spring-boot-starter-web-2.3.4.RELEASE.jar:/Users/sibusiso87rn/.m2/repository/org/springframework/boot/spring-boot-starter/2.3.4.RELEASE/spring-boot-starter-2.3.4.RELEASE.jar:/Users/sibusiso87rn/.m2/repository/org/springframework/boot/spring-boot-starter-logging/2.3.4.RELEASE/spring-boot-starter-logging-2.3.4.RELEASE.jar:/Users/sibusiso87rn/.m2/repository/org/apache/logging/log4j/log4j-to-slf4j/2.13.3/log4j-to-slf4j-2.13.3.jar:/Users/sibusiso87rn/.m2/repository/org/apache/logging/log4j/log4j-api/2.13.3/log4j-api-2.13.3.jar:/Users/sibusiso87rn/.m2/repository/org/slf4j/jul-to-slf4j/1.7.30/jul-to-slf4j-1.7.30.jar:/Users/sibusiso87rn/.m2/repository/jakarta/annotation/jakarta.annotation-api/1.3.5/jakarta.annotation-api-1.3.5.jar:/Users/sibusiso87rn/.m2/repository/org/springframework/boot/spring-boot-starter-json/2.3.4.RELEASE/spring-boot-starter-json-2.3.4.RELEASE.jar:/Users/sibusiso87rn/.m2/repository/com/fasterxml/jackson/datatype/jackson-datatype-jdk8/2.11.2/jackson-datatype-jdk8-2.11.2.jar:/Users/sibusiso87rn/.m2/repository/com/fasterxml/jackson/datatype/jackson-datatype-jsr310/2.11.2/jackson-datatype-jsr310-2.11.2.jar:/Users/sibusiso87rn/.m2/repository/com/fasterxml/jackson/module/jackson-module-parameter-names/2.11.2/jackson-module-parameter-names-2.11.2.jar:/Users/sibusiso87rn/.m2/repository/org/springframework/boot/spring-boot-starter-tomcat/2.3.4.RELEASE/spring-boot-starter-tomcat-2.3.4.RELEASE.jar:/Users/sibusiso87rn/.m2/repository/org/apache/tomcat/embed/tomcat-embed-core/9.0.38/tomcat-embed-core-9.0.38.jar:/Users/sibusiso87rn/.m2/repository/org/glassfish/jakarta.el/3.0.3/jakarta.el-3.0.3.jar:/Users/sibusiso87rn/.m2/repository/org/apache/tomcat/embed/tomcat-embed-websocket/9.0.38/tomcat-embed-websocket-9.0.38.jar:/Users/sibusiso87rn/.m2/repository/org/springframework/spring-web/5.2.9.RELEASE/spring-web-5.2.9.RELEASE.jar:/Users/sibusiso87rn/.m2/repository/org/springframework/spring-webmvc/5.2.9.RELEASE/spring-webmvc-5.2.9.RELEASE.jar:/Users/sibusiso87rn/.m2/repository/javax/inject/javax.inject/1/javax.inject-1.jar:/Users/sibusiso87rn/.m2/repository/net/masterthought/cucumber-reporting/4.6.0/cucumber-reporting-4.6.0.jar:/Users/sibusiso87rn/.m2/repository/com/fasterxml/jackson/core/jackson-databind/2.9.8/jackson-databind-2.9.8.jar:/Users/sibusiso87rn/.m2/repository/com/fasterxml/jackson/core/jackson-annotations/2.9.0/jackson-annotations-2.9.0.jar:/Users/sibusiso87rn/.m2/repository/com/fasterxml/jackson/core/jackson-core/2.9.8/jackson-core-2.9.8.jar:/Users/sibusiso87rn/.m2/repository/org/apache/velocity/velocity/1.7/velocity-1.7.jar:/Users/sibusiso87rn/.m2/repository/commons-lang/commons-lang/2.4/commons-lang-2.4.jar:/Users/sibusiso87rn/.m2/repository/velocity-tools/velocity-tools/1.4/velocity-tools-1.4.jar:/Users/sibusiso87rn/.m2/repository/joda-time/joda-time/2.10.1/joda-time-2.10.1.jar:/Users/sibusiso87rn/.m2/repository/org/codehaus/plexus/plexus-utils/3.1.1/plexus-utils-3.1.1.jar:/Users/sibusiso87rn/.m2/repository/org/jsoup/jsoup/1.11.3/jsoup-1.11.3.jar:/Users/sibusiso87rn/.m2/repository/com/googlecode/owasp-java-html-sanitizer/owasp-java-html-sanitizer/20190325.1/owasp-java-html-sanitizer-20190325.1.jar:/Users/sibusiso87rn/.m2/repository/commons-configuration/commons-configuration/1.10/commons-configuration-1.10.jar:/Users/sibusiso87rn/.m2/repository/com/aventstack/extentreports-cucumber4-adapter/1.0.10/extentreports-cucumber4-adapter-1.0.10.jar:/Users/sibusiso87rn/.m2/repository/com/aventstack/extentreports/4.1.3/extentreports-4.1.3.jar:/Users/sibusiso87rn/.m2/repository/org/freemarker/freemarker/2.3.29/freemarker-2.3.29.jar:/Users/sibusiso87rn/.m2/repository/org/apache/httpcomponents/httpmime/4.5.2/httpmime-4.5.2.jar:/Users/sibusiso87rn/.m2/repository/org/mongodb/bson/3.12.0/bson-3.12.0.jar:/Users/sibusiso87rn/.m2/repository/com/aventstack/klov-reporter/5.0.0/klov-reporter-5.0.0.jar:/Users/sibusiso87rn/.m2/repository/ch/qos/logback/logback-classic/1.0.13/logback-classic-1.0.13.jar:/Users/sibusiso87rn/.m2/repository/ch/qos/logback/logback-core/1.0.13/logback-core-1.0.13.jar:/Users/sibusiso87rn/.m2/repository/org/mongodb/mongodb-driver/3.10.1/mongodb-driver-3.10.1.jar:/Users/sibusiso87rn/.m2/repository/org/mongodb/mongodb-driver-core/3.10.1/mongodb-driver-core-3.10.1.jar:"/>
    <property name="java.vm.vendor" value="Oracle Corporation"/>
    <property name="sun.arch.data.model" value="64"/>
    <property name="java.vendor.url" value="http://java.oracle.com/"/>
    <property name="user.timezone" value="Asia/Kuwait"/>
    <property name="java.vm.specification.version" value="1.8"/>
    <property name="os.name" value="Mac OS X"/>
    <property name="user.country" value="ZA"/>
    <property name="sun.java.launcher" value="SUN_STANDARD"/>
    <property name="sun.boot.library.path" value="/Library/Java/JavaVirtualMachines/jdk1.8.0_191.jdk/Contents/Home/jre/lib"/>
    <property name="sun.java.command" value="/Users/sibusiso87rn/IdeaProjects/mobile-automation-framework/target/surefire/surefirebooter1543168138515466133.jar /Users/sibusiso87rn/IdeaProjects/mobile-automation-framework/target/surefire 2020-11-08T13-56-51_447-jvmRun1 surefire191361664166107254tmp surefire_0905608620160128280tmp"/>
    <property name="http.nonProxyHosts" value="local|*.local|169.254/16|*.169.254/16"/>
    <property name="surefire.test.class.path" value="/Users/sibusiso87rn/IdeaProjects/mobile-automation-framework/target/test-classes:/Users/sibusiso87rn/IdeaProjects/mobile-automation-framework/target/classes:/Users/sibusiso87rn/.m2/repository/io/appium/java-client/7.2.0/java-client-7.2.0.jar:/Users/sibusiso87rn/.m2/repository/org/seleniumhq/selenium/selenium-java/3.141.59/selenium-java-3.141.59.jar:/Users/sibusiso87rn/.m2/repository/org/seleniumhq/selenium/selenium-chrome-driver/3.141.59/selenium-chrome-driver-3.141.59.jar:/Users/sibusiso87rn/.m2/repository/org/seleniumhq/selenium/selenium-edge-driver/3.141.59/selenium-edge-driver-3.141.59.jar:/Users/sibusiso87rn/.m2/repository/org/seleniumhq/selenium/selenium-firefox-driver/3.141.59/selenium-firefox-driver-3.141.59.jar:/Users/sibusiso87rn/.m2/repository/org/seleniumhq/selenium/selenium-ie-driver/3.141.59/selenium-ie-driver-3.141.59.jar:/Users/sibusiso87rn/.m2/repository/org/seleniumhq/selenium/selenium-opera-driver/3.141.59/selenium-opera-driver-3.141.59.jar:/Users/sibusiso87rn/.m2/repository/org/seleniumhq/selenium/selenium-remote-driver/3.141.59/selenium-remote-driver-3.141.59.jar:/Users/sibusiso87rn/.m2/repository/org/seleniumhq/selenium/selenium-safari-driver/3.141.59/selenium-safari-driver-3.141.59.jar:/Users/sibusiso87rn/.m2/repository/net/bytebuddy/byte-buddy/1.8.15/byte-buddy-1.8.15.jar:/Users/sibusiso87rn/.m2/repository/org/apache/commons/commons-exec/1.3/commons-exec-1.3.jar:/Users/sibusiso87rn/.m2/repository/com/google/guava/guava/25.0-jre/guava-25.0-jre.jar:/Users/sibusiso87rn/.m2/repository/com/google/code/findbugs/jsr305/1.3.9/jsr305-1.3.9.jar:/Users/sibusiso87rn/.m2/repository/org/checkerframework/checker-compat-qual/2.0.0/checker-compat-qual-2.0.0.jar:/Users/sibusiso87rn/.m2/repository/com/google/errorprone/error_prone_annotations/2.1.3/error_prone_annotations-2.1.3.jar:/Users/sibusiso87rn/.m2/repository/com/google/j2objc/j2objc-annotations/1.1/j2objc-annotations-1.1.jar:/Users/sibusiso87rn/.m2/repository/org/codehaus/mojo/animal-sniffer-annotations/1.14/animal-sniffer-annotations-1.14.jar:/Users/sibusiso87rn/.m2/repository/com/squareup/okhttp3/okhttp/3.11.0/okhttp-3.11.0.jar:/Users/sibusiso87rn/.m2/repository/com/squareup/okio/okio/1.14.0/okio-1.14.0.jar:/Users/sibusiso87rn/.m2/repository/org/seleniumhq/selenium/selenium-support/3.141.59/selenium-support-3.141.59.jar:/Users/sibusiso87rn/.m2/repository/org/seleniumhq/selenium/selenium-api/3.141.59/selenium-api-3.141.59.jar:/Users/sibusiso87rn/.m2/repository/com/google/code/gson/gson/2.8.5/gson-2.8.5.jar:/Users/sibusiso87rn/.m2/repository/org/apache/httpcomponents/httpclient/4.5.9/httpclient-4.5.9.jar:/Users/sibusiso87rn/.m2/repository/org/apache/httpcomponents/httpcore/4.4.11/httpcore-4.4.11.jar:/Users/sibusiso87rn/.m2/repository/commons-logging/commons-logging/1.2/commons-logging-1.2.jar:/Users/sibusiso87rn/.m2/repository/commons-codec/commons-codec/1.11/commons-codec-1.11.jar:/Users/sibusiso87rn/.m2/repository/cglib/cglib/3.2.12/cglib-3.2.12.jar:/Users/sibusiso87rn/.m2/repository/org/ow2/asm/asm/7.1/asm-7.1.jar:/Users/sibusiso87rn/.m2/repository/commons-validator/commons-validator/1.6/commons-validator-1.6.jar:/Users/sibusiso87rn/.m2/repository/commons-beanutils/commons-beanutils/1.9.2/commons-beanutils-1.9.2.jar:/Users/sibusiso87rn/.m2/repository/commons-digester/commons-digester/1.8.1/commons-digester-1.8.1.jar:/Users/sibusiso87rn/.m2/repository/commons-collections/commons-collections/3.2.2/commons-collections-3.2.2.jar:/Users/sibusiso87rn/.m2/repository/org/apache/commons/commons-lang3/3.9/commons-lang3-3.9.jar:/Users/sibusiso87rn/.m2/repository/commons-io/commons-io/2.6/commons-io-2.6.jar:/Users/sibusiso87rn/.m2/repository/org/aspectj/aspectjweaver/1.9.4/aspectjweaver-1.9.4.jar:/Users/sibusiso87rn/.m2/repository/org/slf4j/slf4j-api/1.7.26/slf4j-api-1.7.26.jar:/Users/sibusiso87rn/.m2/repository/io/cucumber/cucumber-core/6.8.1/cucumber-core-6.8.1.jar:/Users/sibusiso87rn/.m2/repository/io/cucumber/cucumber-gherkin/6.8.1/cucumber-gherkin-6.8.1.jar:/Users/sibusiso87rn/.m2/repository/io/cucumber/cucumber-gherkin-messages/6.8.1/cucumber-gherkin-messages-6.8.1.jar:/Users/sibusiso87rn/.m2/repository/io/cucumber/messages/13.1.0/messages-13.1.0.jar:/Users/sibusiso87rn/.m2/repository/io/cucumber/tag-expressions/3.0.0/tag-expressions-3.0.0.jar:/Users/sibusiso87rn/.m2/repository/io/cucumber/cucumber-expressions/10.3.0/cucumber-expressions-10.3.0.jar:/Users/sibusiso87rn/.m2/repository/io/cucumber/datatable/3.5.0/datatable-3.5.0.jar:/Users/sibusiso87rn/.m2/repository/io/cucumber/cucumber-plugin/6.8.1/cucumber-plugin-6.8.1.jar:/Users/sibusiso87rn/.m2/repository/io/cucumber/docstring/6.8.1/docstring-6.8.1.jar:/Users/sibusiso87rn/.m2/repository/io/cucumber/html-formatter/9.0.0/html-formatter-9.0.0.jar:/Users/sibusiso87rn/.m2/repository/io/cucumber/create-meta/2.0.2/create-meta-2.0.2.jar:/Users/sibusiso87rn/.m2/repository/org/apiguardian/apiguardian-api/1.1.0/apiguardian-api-1.1.0.jar:/Users/sibusiso87rn/.m2/repository/io/cucumber/cucumber-java/6.8.1/cucumber-java-6.8.1.jar:/Users/sibusiso87rn/.m2/repository/io/cucumber/cucumber-testng/6.8.1/cucumber-testng-6.8.1.jar:/Users/sibusiso87rn/.m2/repository/org/testng/testng/7.3.0/testng-7.3.0.jar:/Users/sibusiso87rn/.m2/repository/com/beust/jcommander/1.78/jcommander-1.78.jar:/Users/sibusiso87rn/.m2/repository/org/apache/ant/ant/1.10.3/ant-1.10.3.jar:/Users/sibusiso87rn/.m2/repository/org/apache/ant/ant-launcher/1.10.3/ant-launcher-1.10.3.jar:/Users/sibusiso87rn/.m2/repository/junit/junit/4.12/junit-4.12.jar:/Users/sibusiso87rn/.m2/repository/com/google/inject/guice/4.2.2/guice-4.2.2-no_aop.jar:/Users/sibusiso87rn/.m2/repository/aopalliance/aopalliance/1.0/aopalliance-1.0.jar:/Users/sibusiso87rn/.m2/repository/org/yaml/snakeyaml/1.21/snakeyaml-1.21.jar:/Users/sibusiso87rn/.m2/repository/org/hamcrest/java-hamcrest/2.0.0.0/java-hamcrest-2.0.0.0.jar:/Users/sibusiso87rn/.m2/repository/org/hamcrest/hamcrest-core/2.1/hamcrest-core-2.1.jar:/Users/sibusiso87rn/.m2/repository/org/hamcrest/hamcrest/2.1/hamcrest-2.1.jar:/Users/sibusiso87rn/.m2/repository/org/aeonbits/owner/owner/1.0.10/owner-1.0.10.jar:/Users/sibusiso87rn/.m2/repository/org/springframework/spring-core/5.2.9.RELEASE/spring-core-5.2.9.RELEASE.jar:/Users/sibusiso87rn/.m2/repository/org/springframework/spring-jcl/5.2.9.RELEASE/spring-jcl-5.2.9.RELEASE.jar:/Users/sibusiso87rn/.m2/repository/org/springframework/spring-context/5.2.9.RELEASE/spring-context-5.2.9.RELEASE.jar:/Users/sibusiso87rn/.m2/repository/org/springframework/spring-aop/5.2.9.RELEASE/spring-aop-5.2.9.RELEASE.jar:/Users/sibusiso87rn/.m2/repository/org/springframework/spring-beans/5.2.9.RELEASE/spring-beans-5.2.9.RELEASE.jar:/Users/sibusiso87rn/.m2/repository/org/springframework/spring-expression/5.2.9.RELEASE/spring-expression-5.2.9.RELEASE.jar:/Users/sibusiso87rn/.m2/repository/org/springframework/spring-test/5.2.9.RELEASE/spring-test-5.2.9.RELEASE.jar:/Users/sibusiso87rn/.m2/repository/org/springframework/spring-tx/5.2.9.RELEASE/spring-tx-5.2.9.RELEASE.jar:/Users/sibusiso87rn/.m2/repository/org/springframework/boot/spring-boot-autoconfigure/2.3.4.RELEASE/spring-boot-autoconfigure-2.3.4.RELEASE.jar:/Users/sibusiso87rn/.m2/repository/org/springframework/boot/spring-boot/2.3.4.RELEASE/spring-boot-2.3.4.RELEASE.jar:/Users/sibusiso87rn/.m2/repository/org/springframework/boot/spring-boot-starter-web/2.3.4.RELEASE/spring-boot-starter-web-2.3.4.RELEASE.jar:/Users/sibusiso87rn/.m2/repository/org/springframework/boot/spring-boot-starter/2.3.4.RELEASE/spring-boot-starter-2.3.4.RELEASE.jar:/Users/sibusiso87rn/.m2/repository/org/springframework/boot/spring-boot-starter-logging/2.3.4.RELEASE/spring-boot-starter-logging-2.3.4.RELEASE.jar:/Users/sibusiso87rn/.m2/repository/org/apache/logging/log4j/log4j-to-slf4j/2.13.3/log4j-to-slf4j-2.13.3.jar:/Users/sibusiso87rn/.m2/repository/org/apache/logging/log4j/log4j-api/2.13.3/log4j-api-2.13.3.jar:/Users/sibusiso87rn/.m2/repository/org/slf4j/jul-to-slf4j/1.7.30/jul-to-slf4j-1.7.30.jar:/Users/sibusiso87rn/.m2/repository/jakarta/annotation/jakarta.annotation-api/1.3.5/jakarta.annotation-api-1.3.5.jar:/Users/sibusiso87rn/.m2/repository/org/springframework/boot/spring-boot-starter-json/2.3.4.RELEASE/spring-boot-starter-json-2.3.4.RELEASE.jar:/Users/sibusiso87rn/.m2/repository/com/fasterxml/jackson/datatype/jackson-datatype-jdk8/2.11.2/jackson-datatype-jdk8-2.11.2.jar:/Users/sibusiso87rn/.m2/repository/com/fasterxml/jackson/datatype/jackson-datatype-jsr310/2.11.2/jackson-datatype-jsr310-2.11.2.jar:/Users/sibusiso87rn/.m2/repository/com/fasterxml/jackson/module/jackson-module-parameter-names/2.11.2/jackson-module-parameter-names-2.11.2.jar:/Users/sibusiso87rn/.m2/repository/org/springframework/boot/spring-boot-starter-tomcat/2.3.4.RELEASE/spring-boot-starter-tomcat-2.3.4.RELEASE.jar:/Users/sibusiso87rn/.m2/repository/org/apache/tomcat/embed/tomcat-embed-core/9.0.38/tomcat-embed-core-9.0.38.jar:/Users/sibusiso87rn/.m2/repository/org/glassfish/jakarta.el/3.0.3/jakarta.el-3.0.3.jar:/Users/sibusiso87rn/.m2/repository/org/apache/tomcat/embed/tomcat-embed-websocket/9.0.38/tomcat-embed-websocket-9.0.38.jar:/Users/sibusiso87rn/.m2/repository/org/springframework/spring-web/5.2.9.RELEASE/spring-web-5.2.9.RELEASE.jar:/Users/sibusiso87rn/.m2/repository/org/springframework/spring-webmvc/5.2.9.RELEASE/spring-webmvc-5.2.9.RELEASE.jar:/Users/sibusiso87rn/.m2/repository/javax/inject/javax.inject/1/javax.inject-1.jar:/Users/sibusiso87rn/.m2/repository/net/masterthought/cucumber-reporting/4.6.0/cucumber-reporting-4.6.0.jar:/Users/sibusiso87rn/.m2/repository/com/fasterxml/jackson/core/jackson-databind/2.9.8/jackson-databind-2.9.8.jar:/Users/sibusiso87rn/.m2/repository/com/fasterxml/jackson/core/jackson-annotations/2.9.0/jackson-annotations-2.9.0.jar:/Users/sibusiso87rn/.m2/repository/com/fasterxml/jackson/core/jackson-core/2.9.8/jackson-core-2.9.8.jar:/Users/sibusiso87rn/.m2/repository/org/apache/velocity/velocity/1.7/velocity-1.7.jar:/Users/sibusiso87rn/.m2/repository/commons-lang/commons-lang/2.4/commons-lang-2.4.jar:/Users/sibusiso87rn/.m2/repository/velocity-tools/velocity-tools/1.4/velocity-tools-1.4.jar:/Users/sibusiso87rn/.m2/repository/joda-time/joda-time/2.10.1/joda-time-2.10.1.jar:/Users/sibusiso87rn/.m2/repository/org/codehaus/plexus/plexus-utils/3.1.1/plexus-utils-3.1.1.jar:/Users/sibusiso87rn/.m2/repository/org/jsoup/jsoup/1.11.3/jsoup-1.11.3.jar:/Users/sibusiso87rn/.m2/repository/com/googlecode/owasp-java-html-sanitizer/owasp-java-html-sanitizer/20190325.1/owasp-java-html-sanitizer-20190325.1.jar:/Users/sibusiso87rn/.m2/repository/commons-configuration/commons-configuration/1.10/commons-configuration-1.10.jar:/Users/sibusiso87rn/.m2/repository/com/aventstack/extentreports-cucumber4-adapter/1.0.10/extentreports-cucumber4-adapter-1.0.10.jar:/Users/sibusiso87rn/.m2/repository/com/aventstack/extentreports/4.1.3/extentreports-4.1.3.jar:/Users/sibusiso87rn/.m2/repository/org/freemarker/freemarker/2.3.29/freemarker-2.3.29.jar:/Users/sibusiso87rn/.m2/repository/org/apache/httpcomponents/httpmime/4.5.2/httpmime-4.5.2.jar:/Users/sibusiso87rn/.m2/repository/org/mongodb/bson/3.12.0/bson-3.12.0.jar:/Users/sibusiso87rn/.m2/repository/com/aventstack/klov-reporter/5.0.0/klov-reporter-5.0.0.jar:/Users/sibusiso87rn/.m2/repository/ch/qos/logback/logback-classic/1.0.13/logback-classic-1.0.13.jar:/Users/sibusiso87rn/.m2/repository/ch/qos/logback/logback-core/1.0.13/logback-core-1.0.13.jar:/Users/sibusiso87rn/.m2/repository/org/mongodb/mongodb-driver/3.10.1/mongodb-driver-3.10.1.jar:/Users/sibusiso87rn/.m2/repository/org/mongodb/mongodb-driver-core/3.10.1/mongodb-driver-core-3.10.1.jar:"/>
    <property name="sun.cpu.endian" value="little"/>
    <property name="user.home" value="/Users/sibusiso87rn"/>
    <property name="user.language" value="en"/>
    <property name="java.specification.vendor" value="Oracle Corporation"/>
    <property name="java.home" value="/Library/Java/JavaVirtualMachines/jdk1.8.0_191.jdk/Contents/Home/jre"/>
    <property name="testng.dtd.http" value="true"/>
    <property name="basedir" value="/Users/sibusiso87rn/IdeaProjects/mobile-automation-framework"/>
    <property name="file.separator" value="/"/>
    <property name="line.separator" value="&#10;"/>
    <property name="java.vm.specification.vendor" value="Oracle Corporation"/>
    <property name="java.specification.name" value="Java Platform API Specification"/>
    <property name="java.awt.graphicsenv" value="sun.awt.CGraphicsEnvironment"/>
    <property name="surefire.real.class.path" value="/Users/sibusiso87rn/IdeaProjects/mobile-automation-framework/target/surefire/surefirebooter1543168138515466133.jar"/>
    <property name="sun.boot.class.path" value="/Library/Java/JavaVirtualMachines/jdk1.8.0_191.jdk/Contents/Home/jre/lib/resources.jar:/Library/Java/JavaVirtualMachines/jdk1.8.0_191.jdk/Contents/Home/jre/lib/rt.jar:/Library/Java/JavaVirtualMachines/jdk1.8.0_191.jdk/Contents/Home/jre/lib/sunrsasign.jar:/Library/Java/JavaVirtualMachines/jdk1.8.0_191.jdk/Contents/Home/jre/lib/jsse.jar:/Library/Java/JavaVirtualMachines/jdk1.8.0_191.jdk/Contents/Home/jre/lib/jce.jar:/Library/Java/JavaVirtualMachines/jdk1.8.0_191.jdk/Contents/Home/jre/lib/charsets.jar:/Library/Java/JavaVirtualMachines/jdk1.8.0_191.jdk/Contents/Home/jre/lib/jfr.jar:/Library/Java/JavaVirtualMachines/jdk1.8.0_191.jdk/Contents/Home/jre/classes"/>
    <property name="sun.management.compiler" value="HotSpot 64-Bit Tiered Compilers"/>
    <property name="ftp.nonProxyHosts" value="local|*.local|169.254/16|*.169.254/16"/>
    <property name="java.runtime.version" value="1.8.0_191-b12"/>
    <property name="user.name" value="sibusiso87rn"/>
    <property name="path.separator" value=":"/>
    <property name="os.version" value="10.15.7"/>
    <property name="java.endorsed.dirs" value="/Library/Java/JavaVirtualMachines/jdk1.8.0_191.jdk/Contents/Home/jre/lib/endorsed"/>
    <property name="java.runtime.name" value="Java(TM) SE Runtime Environment"/>
    <property name="file.encoding" value="US-ASCII"/>
    <property name="java.vm.name" value="Java HotSpot(TM) 64-Bit Server VM"/>
    <property name="localRepository" value="/Users/sibusiso87rn/.m2/repository"/>
    <property name="configs.set" value="true"/>
    <property name="java.vendor.url.bug" value="http://bugreport.sun.com/bugreport/"/>
    <property name="java.io.tmpdir" value="/var/folders/s7/m38y8x7s0fdc22jtc097c_4h0000gn/T/"/>
    <property name="java.version" value="1.8.0_191"/>
    <property name="user.dir" value="/Users/sibusiso87rn/IdeaProjects/mobile-automation-framework"/>
    <property name="os.arch" value="x86_64"/>
    <property name="java.vm.specification.name" value="Java Virtual Machine Specification"/>
    <property name="java.awt.printerjob" value="sun.lwawt.macosx.CPrinterJob"/>
    <property name="sun.os.patch.level" value="unknown"/>
    <property name="environment" value="uat"/>
    <property name="java.library.path" value="/Users/sibusiso87rn/Library/Java/Extensions:/Library/Java/Extensions:/Network/Library/Java/Extensions:/System/Library/Java/Extensions:/usr/lib/java:."/>
    <property name="java.vm.info" value="mixed mode"/>
    <property name="java.vendor" value="Oracle Corporation"/>
    <property name="java.vm.version" value="25.191-b12"/>
    <property name="java.ext.dirs" value="/Users/sibusiso87rn/Library/Java/Extensions:/Library/Java/JavaVirtualMachines/jdk1.8.0_191.jdk/Contents/Home/jre/lib/ext:/Library/Java/Extensions:/Network/Library/Java/Extensions:/System/Library/Java/Extensions:/usr/lib/java"/>
    <property name="sun.io.unicode.encoding" value="UnicodeBig"/>
    <property name="java.class.version" value="52.0"/>
    <property name="socksNonProxyHosts" value="local|*.local|169.254/16|*.169.254/16"/>
  </properties>
  <testcase name="setTestNGProperties" classname="starter.testing.ExecutionEngine" time="1.951">
    <failure message="Connection refused (Connection refused)&#10;Build info: version: &apos;3.141.59&apos;, revision: &apos;e82be7d358&apos;, time: &apos;2018-11-14T08:17:03&apos;&#10;System info: host: &apos;Sibusisos-MBP&apos;, ip: &apos;fe80:0:0:0:189e:2c1e:4e30:df33%en0&apos;, os.name: &apos;Mac OS X&apos;, os.arch: &apos;x86_64&apos;, os.version: &apos;10.15.7&apos;, java.version: &apos;1.8.0_191&apos;&#10;Driver info: driver.version: IOSDriver" type="org.openqa.selenium.WebDriverException"><![CDATA[org.openqa.selenium.WebDriverException: 
Connection refused (Connection refused)
Build info: version: '3.141.59', revision: 'e82be7d358', time: '2018-11-14T08:17:03'
System info: host: 'Sibusisos-MBP', ip: 'fe80:0:0:0:189e:2c1e:4e30:df33%en0', os.name: 'Mac OS X', os.arch: 'x86_64', os.version: '10.15.7', java.version: '1.8.0_191'
Driver info: driver.version: IOSDriver
	at starter.testing.ExecutionEngine.setTestNGProperties(ExecutionEngine.java:54)
Caused by: java.net.ConnectException: Connection refused (Connection refused)
	at starter.testing.ExecutionEngine.setTestNGProperties(ExecutionEngine.java:54)
]]></failure>
    <system-out><![CDATA[[TestNGContentHandler] [WARN] It is strongly recommended to add "<!DOCTYPE suite SYSTEM "https://testng.org/testng-1.0.dtd" >" at the top of your file, otherwise TestNG may fail or not work as expected.
13:56:53.069 [main] INFO  o.s.t.c.s.DefaultTestContextBootstrapper - Using TestExecutionListeners: [org.springframework.test.context.web.ServletTestExecutionListener@121314f7, org.springframework.test.context.support.DirtiesContextBeforeModesTestExecutionListener@130c12b7, org.springframework.test.context.support.DependencyInjectionTestExecutionListener@5e600dd5, org.springframework.test.context.support.DirtiesContextTestExecutionListener@576d5deb, org.springframework.test.context.event.EventPublishingTestExecutionListener@5d534f5d]
13:56:53.468 [TestNG-tests-1] INFO  s.t.c.u.e.EnvironmentConfig - Loading test environment configuration for : UAT
13:56:53.476 [TestNG-tests-1] INFO  s.t.c.u.e.EnvironmentConfig - Using config path : src/test/resources/config/uat.json
13:56:53.518 [TestNG-tests-1] DEBUG s.t.c.u.e.EnvironmentConfig - Loading json from path src/test/resources/config/uat.json
13:56:53.530 [TestNG-tests-1] INFO  starter.testing.ExecutionEngine - Creating test configuration using iphonesimulator.properties
13:56:53.530 [TestNG-tests-1] DEBUG s.t.c.u.e.EnvironmentConfig - Found ConfigValue with key test.configuration.location
13:56:53.530 [TestNG-tests-1] DEBUG s.t.c.u.e.EnvironmentConfig - Searching for config key test.configuration.location
13:56:53.531 [TestNG-tests-1] DEBUG s.t.c.u.e.EnvironmentConfig - [test.configuration.location] key value found, the value is [target/test-classes/config/devices/]
13:56:53.532 [TestNG-tests-1] INFO  s.t.c.u.e.TestConfigurationProperty - Adding testing configuration from location target/test-classes/config/devices/iphonesimulator.properties 
13:56:53.535 [TestNG-tests-1] DEBUG s.t.core.util.file.PropertiesUtil - Merging props
13:56:53.538 [TestNG-tests-1] DEBUG s.t.core.util.file.PropertiesUtil - 
13:56:53.539 [TestNG-tests-1] DEBUG s.t.core.util.file.PropertiesUtil - ===Current Properties===
13:56:53.540 [TestNG-tests-1] DEBUG s.t.core.util.file.PropertiesUtil - install.app=true
13:56:53.540 [TestNG-tests-1] DEBUG s.t.core.util.file.PropertiesUtil - bundle.id=co.bhambada.BMI-Calculator
13:56:53.541 [TestNG-tests-1] DEBUG s.t.core.util.file.PropertiesUtil - config=parallel.conf.json
13:56:53.541 [TestNG-tests-1] DEBUG s.t.core.util.file.PropertiesUtil - device.name=iPhone 11 Simulator
13:56:53.541 [TestNG-tests-1] DEBUG s.t.core.util.file.PropertiesUtil - configs.set=true
13:56:53.542 [TestNG-tests-1] DEBUG s.t.core.util.file.PropertiesUtil - device.id=7917FC15-018F-47D9-965D-99045555B319
13:56:53.542 [TestNG-tests-1] DEBUG s.t.core.util.file.PropertiesUtil - hidekeyboard=false
13:56:53.543 [TestNG-tests-1] DEBUG s.t.core.util.file.PropertiesUtil - binary.path=/Users/sibusiso87rn/Downloads/BMICalculator.app
13:56:53.543 [TestNG-tests-1] DEBUG s.t.core.util.file.PropertiesUtil - object.wait.time=45
13:56:53.544 [TestNG-tests-1] DEBUG s.t.core.util.file.PropertiesUtil - appium.server.location=http://127.0.0.1:4723/wd/hub
13:56:53.544 [TestNG-tests-1] DEBUG s.t.core.util.file.PropertiesUtil - phone.platform.version=13.5
13:56:53.544 [TestNG-tests-1] DEBUG s.t.core.util.file.PropertiesUtil - driver=IPHONE
13:56:53.544 [TestNG-tests-1] DEBUG s.t.core.util.file.PropertiesUtil - simulator=true
13:56:53.544 [TestNG-tests-1] DEBUG s.t.core.util.file.PropertiesUtil - ===Current Properties===
13:56:53.545 [TestNG-tests-1] DEBUG s.t.core.util.file.PropertiesUtil - 
13:56:53.548 [TestNG-tests-1] INFO  starter.testing.core.bean.TestBean - Creating thread local driver
13:56:53.551 [TestNG-tests-1] INFO  s.t.core.driver.appium.AppiumFactory - Appium factory is instance is null, creating new instance
13:56:53.572 [TestNG-tests-1] INFO  s.t.core.driver.appium.AppiumFactory - Current Appium Config Selection: IPHONE
13:56:53.573 [TestNG-tests-1] INFO  s.t.core.driver.appium.AppiumFactory - Current Appium Server Location: http://127.0.0.1:4723/wd/hub
]]></system-out>
  </testcase>
  <testcase name="setUpClass" classname="starter.testing.ExecutionEngine" time="32.267">
    <failure message="com.mongodb.MongoTimeoutException: Timed out after 30000 ms while waiting to connect. Client view of cluster state is {type=UNKNOWN, servers=[{address=localhost:27017, type=UNKNOWN, state=CONNECTING, exception={com.mongodb.MongoSocketOpenException: Exception opening socket}, caused by {java.net.ConnectException: Connection refused (Connection refused)}}]" type="io.cucumber.core.exception.CucumberException"><![CDATA[io.cucumber.core.exception.CucumberException: com.mongodb.MongoTimeoutException: Timed out after 30000 ms while waiting to connect. Client view of cluster state is {type=UNKNOWN, servers=[{address=localhost:27017, type=UNKNOWN, state=CONNECTING, exception={com.mongodb.MongoSocketOpenException: Exception opening socket}, caused by {java.net.ConnectException: Connection refused (Connection refused)}}]
	at starter.testing.ExecutionEngine.setUpClass(ExecutionEngine.java:62)
Caused by: com.mongodb.MongoTimeoutException: Timed out after 30000 ms while waiting to connect. Client view of cluster state is {type=UNKNOWN, servers=[{address=localhost:27017, type=UNKNOWN, state=CONNECTING, exception={com.mongodb.MongoSocketOpenException: Exception opening socket}, caused by {java.net.ConnectException: Connection refused (Connection refused)}}]
	at starter.testing.ExecutionEngine.setUpClass(ExecutionEngine.java:62)
]]></failure>
    <system-out><![CDATA[13:56:53.851 [TestNG-tests-1] DEBUG s.t.c.u.e.EnvironmentConfig - Found ConfigValue with key report.output.dir
13:56:53.851 [TestNG-tests-1] DEBUG s.t.c.u.e.EnvironmentConfig - Searching for config key report.output.dir
13:56:53.851 [TestNG-tests-1] DEBUG s.t.c.u.e.EnvironmentConfig - [report.output.dir] key value found, the value is [target/test-output/]
13:56:53.851 [TestNG-tests-1] DEBUG s.t.c.u.e.EnvironmentConfig - Found DatabaseConfigValue with key klovserver
13:56:53.851 [TestNG-tests-1] DEBUG s.t.c.u.e.EnvironmentConfig - Found DatabaseConfigValue with key klov
13:56:53.851 [TestNG-tests-1] DEBUG s.t.c.u.e.EnvironmentConfig - Found ConfigValue with key application.name
13:56:53.851 [TestNG-tests-1] DEBUG s.t.c.u.e.EnvironmentConfig - Searching for config key application.name
13:56:53.851 [TestNG-tests-1] DEBUG s.t.c.u.e.EnvironmentConfig - [application.name] key value found, the value is [${environment} Application Name]
13:56:53.851 [TestNG-tests-1] DEBUG s.t.c.u.e.EnvironmentConfig - Found ConfigValue with key cucumber.trends.path
13:56:53.851 [TestNG-tests-1] DEBUG s.t.c.u.e.EnvironmentConfig - Searching for config key cucumber.trends.path
13:56:53.851 [TestNG-tests-1] DEBUG s.t.c.u.e.EnvironmentConfig - [cucumber.trends.path] key value found, the value is [target/testing-trends.json]
13:56:53.851 [TestNG-tests-1] DEBUG s.t.c.u.e.EnvironmentConfig - Found ConfigValue with key cucumber.report.path
13:56:53.851 [TestNG-tests-1] DEBUG s.t.c.u.e.EnvironmentConfig - Searching for config key cucumber.report.path
13:56:53.852 [TestNG-tests-1] DEBUG s.t.c.u.e.EnvironmentConfig - [cucumber.report.path] key value found, the value is [target/cucumber-report.json]
13:56:53.852 [TestNG-tests-1] DEBUG s.t.c.u.e.EnvironmentConfig - Found ConfigValue with key run.klov.reporter
13:56:53.852 [TestNG-tests-1] DEBUG s.t.c.u.e.EnvironmentConfig - Searching for config key run.klov.reporter
13:56:53.852 [TestNG-tests-1] DEBUG s.t.c.u.e.EnvironmentConfig - [run.klov.reporter] key value found, the value is [true]
13:56:53.852 [TestNG-tests-1] DEBUG s.t.c.u.e.EnvironmentConfig - Found ConfigValue with key run.spark.reporter
13:56:53.852 [TestNG-tests-1] DEBUG s.t.c.u.e.EnvironmentConfig - Searching for config key run.spark.reporter
13:56:53.854 [TestNG-tests-1] DEBUG s.t.c.u.e.EnvironmentConfig - [run.spark.reporter] key value found, the value is [true]
13:56:53.854 [TestNG-tests-1] INFO  s.t.c.u.report.ExtentReportListener - Creating Listener Thread[TestNG-tests-1,5,main]
13:56:53.854 [TestNG-tests-1] INFO  s.t.c.u.report.ExtentReportListener - Will be creating klover report true
13:56:53.854 [TestNG-tests-1] INFO  s.t.c.u.report.ExtentReportListener - Will be creating spark report true
13:56:53.855 [TestNG-tests-1] INFO  s.t.c.u.report.SparkReporterService - SparkReporterService service is null, creating new instance
13:56:53.861 [TestNG-tests-1] INFO  s.t.c.u.report.SparkReporterService - Connecting to mongo database 
13:56:53.946 [TestNG-tests-1] INFO  org.mongodb.driver.cluster - Cluster created with settings {hosts=[localhost:27017], mode=SINGLE, requiredClusterType=UNKNOWN, serverSelectionTimeout='30000 ms', maxWaitQueueSize=500}
13:56:53.983 [cluster-ClusterId{value='5fa7cef50491667281a8d8fb', description='null'}-localhost:27017] INFO  org.mongodb.driver.cluster - Exception in monitor thread while connecting to server localhost:27017
com.mongodb.MongoSocketOpenException: Exception opening socket
	at com.mongodb.internal.connection.SocketStream.open(SocketStream.java:70) ~[mongodb-driver-core-3.10.1.jar:na]
	at com.mongodb.internal.connection.InternalStreamConnection.open(InternalStreamConnection.java:126) ~[mongodb-driver-core-3.10.1.jar:na]
	at com.mongodb.internal.connection.DefaultServerMonitor$ServerMonitorRunnable.run(DefaultServerMonitor.java:117) ~[mongodb-driver-core-3.10.1.jar:na]
	at java.lang.Thread.run(Thread.java:748) [na:1.8.0_191]
Caused by: java.net.ConnectException: Connection refused (Connection refused)
	at java.net.PlainSocketImpl.socketConnect(Native Method) ~[na:1.8.0_191]
	at java.net.AbstractPlainSocketImpl.doConnect(AbstractPlainSocketImpl.java:350) ~[na:1.8.0_191]
	at java.net.AbstractPlainSocketImpl.connectToAddress(AbstractPlainSocketImpl.java:206) ~[na:1.8.0_191]
	at java.net.AbstractPlainSocketImpl.connect(AbstractPlainSocketImpl.java:188) ~[na:1.8.0_191]
	at java.net.SocksSocketImpl.connect(SocksSocketImpl.java:392) ~[na:1.8.0_191]
	at java.net.Socket.connect(Socket.java:589) ~[na:1.8.0_191]
	at com.mongodb.internal.connection.SocketStreamHelper.initialize(SocketStreamHelper.java:64) ~[mongodb-driver-core-3.10.1.jar:na]
	at com.mongodb.internal.connection.SocketStream.initializeSocket(SocketStream.java:79) ~[mongodb-driver-core-3.10.1.jar:na]
	at com.mongodb.internal.connection.SocketStream.open(SocketStream.java:65) ~[mongodb-driver-core-3.10.1.jar:na]
	... 3 common frames omitted
13:56:54.127 [TestNG-tests-1] INFO  org.mongodb.driver.cluster - Cluster description not yet available. Waiting for 30000 ms before timing out
]]></system-out>
  </testcase>
  <testcase name="scenario" classname="starter.testing.ExecutionEngine" time="0">
    <skipped message="java.lang.NullPointerException"/>
    <system-err><![CDATA[[Utils] [ERROR] [Error] java.lang.NullPointerException
	at starter.testing.ExecutionEngine.scenarios(ExecutionEngine.java:72)
	at sun.reflect.NativeMethodAccessorImpl.invoke0(Native Method)
	at sun.reflect.NativeMethodAccessorImpl.invoke(NativeMethodAccessorImpl.java:62)
	at sun.reflect.DelegatingMethodAccessorImpl.invoke(DelegatingMethodAccessorImpl.java:43)
	at java.lang.reflect.Method.invoke(Method.java:498)
	at org.testng.internal.MethodInvocationHelper.invokeMethod(MethodInvocationHelper.java:132)
	at org.testng.internal.MethodInvocationHelper.invokeMethod(MethodInvocationHelper.java:76)
	at org.testng.internal.MethodInvocationHelper.invokeMethodNoCheckedException(MethodInvocationHelper.java:45)
	at org.testng.internal.MethodInvocationHelper.invokeDataProvider(MethodInvocationHelper.java:145)
	at org.testng.internal.Parameters.handleParameters(Parameters.java:797)
	at org.testng.internal.Parameters.handleParameters(Parameters.java:740)
	at org.testng.internal.ParameterHandler.handleParameters(ParameterHandler.java:59)
	at org.testng.internal.ParameterHandler.createParameters(ParameterHandler.java:38)
	at org.testng.internal.TestInvoker$MethodInvocationAgent.invoke(TestInvoker.java:789)
	at org.testng.internal.TestInvoker.invokeTestMethods(TestInvoker.java:147)
	at org.testng.internal.TestMethodWorker.invokeTestMethods(TestMethodWorker.java:146)
	at org.testng.internal.TestMethodWorker.run(TestMethodWorker.java:128)
	at java.util.ArrayList.forEach(ArrayList.java:1257)
	at org.testng.TestRunner.privateRun(TestRunner.java:764)
	at org.testng.TestRunner.run(TestRunner.java:585)
	at org.testng.SuiteRunner.runTest(SuiteRunner.java:384)
	at org.testng.SuiteRunner.access$000(SuiteRunner.java:28)
	at org.testng.SuiteRunner$SuiteWorker.run(SuiteRunner.java:425)
	at org.testng.internal.thread.ThreadUtil.lambda$execute$0(ThreadUtil.java:66)
	at java.util.concurrent.FutureTask.run(FutureTask.java:266)
	at java.util.concurrent.ThreadPoolExecutor.runWorker(ThreadPoolExecutor.java:1149)
	at java.util.concurrent.ThreadPoolExecutor$Worker.run(ThreadPoolExecutor.java:624)
	at java.lang.Thread.run(Thread.java:748)

]]></system-err>
  </testcase>
  <testcase name="tearDownClass" classname="starter.testing.ExecutionEngine" time="32.275">
    <failure type="java.lang.NullPointerException"><![CDATA[java.lang.NullPointerException
	at starter.testing.ExecutionEngine.tearDownClass(ExecutionEngine.java:77)
]]></failure>
  </testcase>
</testsuite>